<?xml version="1.0" encoding="UTF-8"?>
<!-- Generated by org.testng.reporters.JUnitXMLReporter -->
<testsuite ignored="0" hostname="TechEZone" failures="0" tests="2" name="Linux-Firefox" time="24.038" errors="0" timestamp="2024-10-18T18:11:40 IST">
  <testcase classname="com.opencart.testcases.TC001_AccountRegistrationTest" name="veryfy_account_registration" time="4.672"/>
  <testcase classname="com.opencart.testcases.TC002_LoginTest" name="verify_login" time="2.359"/>
</testsuite> <!-- Linux-Firefox -->
