<?xml version="1.0" encoding="UTF-8"?>
<testng-results ignored="0" total="2" passed="2" failed="0" skipped="0">
  <reporter-output>
  </reporter-output>
  <suite started-at="2024-10-18T21:05:36 IST" name="Master Suite" finished-at="2024-10-18T21:05:50 IST" duration-ms="13825">
    <groups>
      <group name="Master">
        <method signature="TC001_AccountRegistrationTest.veryfy_account_registration()[pri:0, instance:com.opencart.testcases.TC001_AccountRegistrationTest@4678a2eb]" name="veryfy_account_registration" class="com.opencart.testcases.TC001_AccountRegistrationTest"/>
        <method signature="TC002_LoginTest.verify_login()[pri:0, instance:com.opencart.testcases.TC002_LoginTest@a4b2d8f]" name="verify_login" class="com.opencart.testcases.TC002_LoginTest"/>
      </group> <!-- Master -->
      <group name="Sanity">
        <method signature="TC002_LoginTest.verify_login()[pri:0, instance:com.opencart.testcases.TC002_LoginTest@a4b2d8f]" name="verify_login" class="com.opencart.testcases.TC002_LoginTest"/>
      </group> <!-- Sanity -->
      <group name="Regression">
        <method signature="TC001_AccountRegistrationTest.veryfy_account_registration()[pri:0, instance:com.opencart.testcases.TC001_AccountRegistrationTest@4678a2eb]" name="veryfy_account_registration" class="com.opencart.testcases.TC001_AccountRegistrationTest"/>
      </group> <!-- Regression -->
    </groups>
    <test started-at="2024-10-18T21:05:36 IST" name="Test" finished-at="2024-10-18T21:05:50 IST" duration-ms="13825">
      <class name="com.opencart.testcases.TC002_LoginTest">
        <test-method is-config="true" signature="setUp(java.lang.String,java.lang.String)[pri:0, instance:com.opencart.testcases.TC002_LoginTest@a4b2d8f]" started-at="2024-10-18T21:05:45 IST" name="setUp" finished-at="2024-10-18T21:05:47 IST" duration-ms="1954" status="PASS">
          <params>
            <param index="0">
              <value>
                <![CDATA[Windows]]>
              </value>
            </param>
            <param index="1">
              <value>
                <![CDATA[chrome]]>
              </value>
            </param>
          </params>
          <reporter-output>
          </reporter-output>
        </test-method> <!-- setUp -->
        <test-method signature="verify_login()[pri:0, instance:com.opencart.testcases.TC002_LoginTest@a4b2d8f]" started-at="2024-10-18T21:05:47 IST" name="verify_login" finished-at="2024-10-18T21:05:50 IST" duration-ms="2174" status="PASS">
          <reporter-output>
          </reporter-output>
        </test-method> <!-- verify_login -->
        <test-method is-config="true" signature="tearDown()[pri:0, instance:com.opencart.testcases.TC002_LoginTest@a4b2d8f]" started-at="2024-10-18T21:05:50 IST" name="tearDown" finished-at="2024-10-18T21:05:50 IST" duration-ms="230" status="PASS">
          <reporter-output>
          </reporter-output>
        </test-method> <!-- tearDown -->
      </class> <!-- com.opencart.testcases.TC002_LoginTest -->
      <class name="com.opencart.testcases.TC001_AccountRegistrationTest">
        <test-method is-config="true" signature="setUp(java.lang.String,java.lang.String)[pri:0, instance:com.opencart.testcases.TC001_AccountRegistrationTest@4678a2eb]" started-at="2024-10-18T21:05:36 IST" name="setUp" finished-at="2024-10-18T21:05:40 IST" duration-ms="4007" status="PASS">
          <params>
            <param index="0">
              <value>
                <![CDATA[Windows]]>
              </value>
            </param>
            <param index="1">
              <value>
                <![CDATA[chrome]]>
              </value>
            </param>
          </params>
          <reporter-output>
          </reporter-output>
        </test-method> <!-- setUp -->
        <test-method signature="veryfy_account_registration()[pri:0, instance:com.opencart.testcases.TC001_AccountRegistrationTest@4678a2eb]" started-at="2024-10-18T21:05:40 IST" name="veryfy_account_registration" finished-at="2024-10-18T21:05:45 IST" duration-ms="4951" status="PASS">
          <reporter-output>
          </reporter-output>
        </test-method> <!-- veryfy_account_registration -->
        <test-method is-config="true" signature="tearDown()[pri:0, instance:com.opencart.testcases.TC001_AccountRegistrationTest@4678a2eb]" started-at="2024-10-18T21:05:45 IST" name="tearDown" finished-at="2024-10-18T21:05:45 IST" duration-ms="201" status="PASS">
          <reporter-output>
          </reporter-output>
        </test-method> <!-- tearDown -->
      </class> <!-- com.opencart.testcases.TC001_AccountRegistrationTest -->
    </test> <!-- Test -->
  </suite> <!-- Master Suite -->
</testng-results>
